2020-04-11 16:58:08,059 INFO o.s.b.StartupInfoLogger [main] Starting BookStoreApplication on USER-PC with PID 11268 (C:\Users\Roy\IdeaProjects\BookStore\target\classes started by Roy in C:\Users\Roy\IdeaProjects\BookStore)
2020-04-11 16:58:08,082 INFO o.s.b.SpringApplication [main] No active profile set, falling back to default profiles: default
2020-04-11 16:58:09,696 INFO o.s.d.r.c.RepositoryConfigurationDelegate [main] Bootstrapping Spring Data JPA repositories in DEFAULT mode.
2020-04-11 16:58:10,068 INFO o.s.d.r.c.RepositoryConfigurationDelegate [main] Finished Spring Data repository scanning in 355ms. Found 1 JPA repository interfaces.
2020-04-11 16:58:11,411 INFO o.s.b.w.e.t.TomcatWebServer [main] Tomcat initialized with port(s): 8080 (http)
2020-04-11 16:58:11,435 INFO o.a.j.l.DirectJDKLog [main] Initializing ProtocolHandler ["http-nio-8080"]
2020-04-11 16:58:11,436 INFO o.a.j.l.DirectJDKLog [main] Starting service [Tomcat]
2020-04-11 16:58:11,438 INFO o.a.j.l.DirectJDKLog [main] Starting Servlet engine: [Apache Tomcat/9.0.33]
2020-04-11 16:58:11,750 INFO o.a.j.l.DirectJDKLog [main] Initializing Spring embedded WebApplicationContext
2020-04-11 16:58:11,751 INFO o.s.b.w.s.c.ServletWebServerApplicationContext [main] Root WebApplicationContext: initialization completed in 3555 ms
2020-04-11 16:58:12,234 INFO c.z.h.HikariDataSource [main] HikariPool-1 - Starting...
2020-04-11 16:58:12,244 WARN c.z.h.u.DriverDataSource [main] Registered driver with driverClassName=org.apache.derby.jdbc.EmbeddedDriver was not found, trying direct instantiation.
2020-04-11 16:58:13,318 INFO c.z.h.p.PoolBase [main] HikariPool-1 - Driver does not support get/set network timeout for connections. (Feature not implemented: No details.)
2020-04-11 16:58:13,324 INFO c.z.h.HikariDataSource [main] HikariPool-1 - Start completed.
2020-04-11 16:58:13,486 INFO o.h.j.i.u.LogHelper [main] HHH000204: Processing PersistenceUnitInfo [name: default]
2020-04-11 16:58:13,649 INFO o.h.Version [main] HHH000412: Hibernate ORM core version 5.4.12.Final
2020-04-11 16:58:13,898 INFO o.h.a.c.r.j.JavaReflectionManager [main] HCANN000001: Hibernate Commons Annotations {5.1.0.Final}
2020-04-11 16:58:14,157 INFO o.h.d.Dialect [main] HHH000400: Using dialect: org.hibernate.dialect.DerbyTenSevenDialect
2020-04-11 16:58:15,949 WARN o.h.t.s.i.ExceptionHandlerLoggedImpl [main] GenerationTarget encountered exception accepting command : Error executing DDL "drop table topic" via JDBC Statement
org.hibernate.tool.schema.spi.CommandAcceptanceException: Error executing DDL "drop table topic" via JDBC Statement
	at org.hibernate.tool.schema.internal.exec.GenerationTargetToDatabase.accept(GenerationTargetToDatabase.java:67) ~[hibernate-core-5.4.12.Final.jar:5.4.12.Final]
	at org.hibernate.tool.schema.internal.SchemaDropperImpl.applySqlString(SchemaDropperImpl.java:375) ~[hibernate-core-5.4.12.Final.jar:5.4.12.Final]
	at org.hibernate.tool.schema.internal.SchemaDropperImpl.applySqlStrings(SchemaDropperImpl.java:359) ~[hibernate-core-5.4.12.Final.jar:5.4.12.Final]
	at org.hibernate.tool.schema.internal.SchemaDropperImpl.dropFromMetadata(SchemaDropperImpl.java:241) ~[hibernate-core-5.4.12.Final.jar:5.4.12.Final]
	at org.hibernate.tool.schema.internal.SchemaDropperImpl.performDrop(SchemaDropperImpl.java:154) ~[hibernate-core-5.4.12.Final.jar:5.4.12.Final]
	at org.hibernate.tool.schema.internal.SchemaDropperImpl.doDrop(SchemaDropperImpl.java:126) ~[hibernate-core-5.4.12.Final.jar:5.4.12.Final]
	at org.hibernate.tool.schema.internal.SchemaDropperImpl.doDrop(SchemaDropperImpl.java:112) ~[hibernate-core-5.4.12.Final.jar:5.4.12.Final]
	at org.hibernate.tool.schema.spi.SchemaManagementToolCoordinator.performDatabaseAction(SchemaManagementToolCoordinator.java:145) ~[hibernate-core-5.4.12.Final.jar:5.4.12.Final]
	at org.hibernate.tool.schema.spi.SchemaManagementToolCoordinator.process(SchemaManagementToolCoordinator.java:73) ~[hibernate-core-5.4.12.Final.jar:5.4.12.Final]
	at org.hibernate.internal.SessionFactoryImpl.<init>(SessionFactoryImpl.java:314) ~[hibernate-core-5.4.12.Final.jar:5.4.12.Final]
	at org.hibernate.boot.internal.SessionFactoryBuilderImpl.build(SessionFactoryBuilderImpl.java:468) ~[hibernate-core-5.4.12.Final.jar:5.4.12.Final]
	at org.hibernate.jpa.boot.internal.EntityManagerFactoryBuilderImpl.build(EntityManagerFactoryBuilderImpl.java:1237) ~[hibernate-core-5.4.12.Final.jar:5.4.12.Final]
	at org.springframework.orm.jpa.vendor.SpringHibernateJpaPersistenceProvider.createContainerEntityManagerFactory(SpringHibernateJpaPersistenceProvider.java:58) ~[spring-orm-5.2.5.RELEASE.jar:5.2.5.RELEASE]
	at org.springframework.orm.jpa.LocalContainerEntityManagerFactoryBean.createNativeEntityManagerFactory(LocalContainerEntityManagerFactoryBean.java:365) ~[spring-orm-5.2.5.RELEASE.jar:5.2.5.RELEASE]
	at org.springframework.orm.jpa.AbstractEntityManagerFactoryBean.buildNativeEntityManagerFactory(AbstractEntityManagerFactoryBean.java:391) ~[spring-orm-5.2.5.RELEASE.jar:5.2.5.RELEASE]
	at org.springframework.orm.jpa.AbstractEntityManagerFactoryBean.afterPropertiesSet(AbstractEntityManagerFactoryBean.java:378) ~[spring-orm-5.2.5.RELEASE.jar:5.2.5.RELEASE]
	at org.springframework.orm.jpa.LocalContainerEntityManagerFactoryBean.afterPropertiesSet(LocalContainerEntityManagerFactoryBean.java:341) ~[spring-orm-5.2.5.RELEASE.jar:5.2.5.RELEASE]
	at org.springframework.beans.factory.support.AbstractAutowireCapableBeanFactory.invokeInitMethods(AbstractAutowireCapableBeanFactory.java:1855) ~[spring-beans-5.2.5.RELEASE.jar:5.2.5.RELEASE]
	at org.springframework.beans.factory.support.AbstractAutowireCapableBeanFactory.initializeBean(AbstractAutowireCapableBeanFactory.java:1792) ~[spring-beans-5.2.5.RELEASE.jar:5.2.5.RELEASE]
	at org.springframework.beans.factory.support.AbstractAutowireCapableBeanFactory.doCreateBean(AbstractAutowireCapableBeanFactory.java:595) ~[spring-beans-5.2.5.RELEASE.jar:5.2.5.RELEASE]
	at org.springframework.beans.factory.support.AbstractAutowireCapableBeanFactory.createBean(AbstractAutowireCapableBeanFactory.java:517) ~[spring-beans-5.2.5.RELEASE.jar:5.2.5.RELEASE]
	at org.springframework.beans.factory.support.AbstractBeanFactory.lambda$doGetBean$0(AbstractBeanFactory.java:323) ~[spring-beans-5.2.5.RELEASE.jar:5.2.5.RELEASE]
	at org.springframework.beans.factory.support.DefaultSingletonBeanRegistry.getSingleton(DefaultSingletonBeanRegistry.java:222) [spring-beans-5.2.5.RELEASE.jar:5.2.5.RELEASE]
	at org.springframework.beans.factory.support.AbstractBeanFactory.doGetBean(AbstractBeanFactory.java:321) [spring-beans-5.2.5.RELEASE.jar:5.2.5.RELEASE]
	at org.springframework.beans.factory.support.AbstractBeanFactory.getBean(AbstractBeanFactory.java:202) [spring-beans-5.2.5.RELEASE.jar:5.2.5.RELEASE]
	at org.springframework.context.support.AbstractApplicationContext.getBean(AbstractApplicationContext.java:1108) [spring-context-5.2.5.RELEASE.jar:5.2.5.RELEASE]
	at org.springframework.context.support.AbstractApplicationContext.finishBeanFactoryInitialization(AbstractApplicationContext.java:868) [spring-context-5.2.5.RELEASE.jar:5.2.5.RELEASE]
	at org.springframework.context.support.AbstractApplicationContext.refresh(AbstractApplicationContext.java:550) [spring-context-5.2.5.RELEASE.jar:5.2.5.RELEASE]
	at org.springframework.boot.web.servlet.context.ServletWebServerApplicationContext.refresh(ServletWebServerApplicationContext.java:141) [spring-boot-2.2.6.RELEASE.jar:2.2.6.RELEASE]
	at org.springframework.boot.SpringApplication.refresh(SpringApplication.java:747) [spring-boot-2.2.6.RELEASE.jar:2.2.6.RELEASE]
	at org.springframework.boot.SpringApplication.refreshContext(SpringApplication.java:397) [spring-boot-2.2.6.RELEASE.jar:2.2.6.RELEASE]
	at org.springframework.boot.SpringApplication.run(SpringApplication.java:315) [spring-boot-2.2.6.RELEASE.jar:2.2.6.RELEASE]
	at org.springframework.boot.SpringApplication.run(SpringApplication.java:1226) [spring-boot-2.2.6.RELEASE.jar:2.2.6.RELEASE]
	at org.springframework.boot.SpringApplication.run(SpringApplication.java:1215) [spring-boot-2.2.6.RELEASE.jar:2.2.6.RELEASE]
	at com.example.BookStore.BookStoreApplication.main(BookStoreApplication.java:10) [classes/:?]
Caused by: java.sql.SQLSyntaxErrorException: Schema 'SA' does not exist
	at org.apache.derby.impl.jdbc.SQLExceptionFactory.getSQLException(Unknown Source) ~[derby-10.14.2.0.jar:?]
	at org.apache.derby.impl.jdbc.Util.generateCsSQLException(Unknown Source) ~[derby-10.14.2.0.jar:?]
	at org.apache.derby.impl.jdbc.TransactionResourceImpl.wrapInSQLException(Unknown Source) ~[derby-10.14.2.0.jar:?]
	at org.apache.derby.impl.jdbc.TransactionResourceImpl.handleException(Unknown Source) ~[derby-10.14.2.0.jar:?]
	at org.apache.derby.impl.jdbc.EmbedConnection.handleException(Unknown Source) ~[derby-10.14.2.0.jar:?]
	at org.apache.derby.impl.jdbc.ConnectionChild.handleException(Unknown Source) ~[derby-10.14.2.0.jar:?]
	at org.apache.derby.impl.jdbc.EmbedStatement.execute(Unknown Source) ~[derby-10.14.2.0.jar:?]
	at org.apache.derby.impl.jdbc.EmbedStatement.execute(Unknown Source) ~[derby-10.14.2.0.jar:?]
	at com.zaxxer.hikari.pool.ProxyStatement.execute(ProxyStatement.java:95) ~[HikariCP-3.4.2.jar:?]
	at com.zaxxer.hikari.pool.HikariProxyStatement.execute(HikariProxyStatement.java) ~[HikariCP-3.4.2.jar:?]
	at org.hibernate.tool.schema.internal.exec.GenerationTargetToDatabase.accept(GenerationTargetToDatabase.java:54) ~[hibernate-core-5.4.12.Final.jar:5.4.12.Final]
	... 34 more
Caused by: org.apache.derby.iapi.error.StandardException: Schema 'SA' does not exist
	at org.apache.derby.iapi.error.StandardException.newException(Unknown Source) ~[derby-10.14.2.0.jar:?]
	at org.apache.derby.iapi.error.StandardException.newException(Unknown Source) ~[derby-10.14.2.0.jar:?]
	at org.apache.derby.impl.sql.catalog.DataDictionaryImpl.getSchemaDescriptor(Unknown Source) ~[derby-10.14.2.0.jar:?]
	at org.apache.derby.iapi.sql.StatementUtil.getSchemaDescriptor(Unknown Source) ~[derby-10.14.2.0.jar:?]
	at org.apache.derby.impl.sql.compile.QueryTreeNode.getSchemaDescriptor(Unknown Source) ~[derby-10.14.2.0.jar:?]
	at org.apache.derby.impl.sql.compile.QueryTreeNode.getSchemaDescriptor(Unknown Source) ~[derby-10.14.2.0.jar:?]
	at org.apache.derby.impl.sql.compile.DDLStatementNode.justGetDescriptor(Unknown Source) ~[derby-10.14.2.0.jar:?]
	at org.apache.derby.impl.sql.compile.DDLStatementNode.getTableDescriptor(Unknown Source) ~[derby-10.14.2.0.jar:?]
	at org.apache.derby.impl.sql.compile.DDLStatementNode.getTableDescriptor(Unknown Source) ~[derby-10.14.2.0.jar:?]
	at org.apache.derby.impl.sql.compile.DropTableNode.bindStatement(Unknown Source) ~[derby-10.14.2.0.jar:?]
	at org.apache.derby.impl.sql.GenericStatement.prepMinion(Unknown Source) ~[derby-10.14.2.0.jar:?]
	at org.apache.derby.impl.sql.GenericStatement.prepare(Unknown Source) ~[derby-10.14.2.0.jar:?]
	at org.apache.derby.impl.sql.conn.GenericLanguageConnectionContext.prepareInternalStatement(Unknown Source) ~[derby-10.14.2.0.jar:?]
	at org.apache.derby.impl.jdbc.EmbedStatement.execute(Unknown Source) ~[derby-10.14.2.0.jar:?]
	at org.apache.derby.impl.jdbc.EmbedStatement.execute(Unknown Source) ~[derby-10.14.2.0.jar:?]
	at com.zaxxer.hikari.pool.ProxyStatement.execute(ProxyStatement.java:95) ~[HikariCP-3.4.2.jar:?]
	at com.zaxxer.hikari.pool.HikariProxyStatement.execute(HikariProxyStatement.java) ~[HikariCP-3.4.2.jar:?]
	at org.hibernate.tool.schema.internal.exec.GenerationTargetToDatabase.accept(GenerationTargetToDatabase.java:54) ~[hibernate-core-5.4.12.Final.jar:5.4.12.Final]
	... 34 more
2020-04-11 16:58:16,132 INFO o.h.e.t.j.p.i.JtaPlatformInitiator [main] HHH000490: Using JtaPlatform implementation: [org.hibernate.engine.transaction.jta.platform.internal.NoJtaPlatform]
2020-04-11 16:58:16,146 INFO o.s.o.j.AbstractEntityManagerFactoryBean [main] Initialized JPA EntityManagerFactory for persistence unit 'default'
2020-04-11 16:58:16,968 WARN o.s.b.a.o.j.JpaBaseConfiguration$JpaWebConfiguration [main] spring.jpa.open-in-view is enabled by default. Therefore, database queries may be performed during view rendering. Explicitly configure spring.jpa.open-in-view to disable this warning
2020-04-11 16:58:17,150 INFO o.s.s.c.ExecutorConfigurationSupport [main] Initializing ExecutorService 'applicationTaskExecutor'
2020-04-11 16:58:18,073 INFO o.a.j.l.DirectJDKLog [main] Starting ProtocolHandler ["http-nio-8080"]
2020-04-11 16:58:18,124 INFO o.s.b.w.e.t.TomcatWebServer [main] Tomcat started on port(s): 8080 (http) with context path ''
2020-04-11 16:58:18,128 INFO o.s.b.StartupInfoLogger [main] Started BookStoreApplication in 10.913 seconds (JVM running for 14.493)
2020-04-11 16:58:22,051 INFO o.a.j.l.DirectJDKLog [http-nio-8080-exec-1] Initializing Spring DispatcherServlet 'dispatcherServlet'
2020-04-11 16:58:22,052 INFO o.s.w.s.FrameworkServlet [http-nio-8080-exec-1] Initializing Servlet 'dispatcherServlet'
2020-04-11 16:58:22,078 INFO o.s.w.s.FrameworkServlet [http-nio-8080-exec-1] Completed initialization in 23 ms
2020-04-11 16:58:22,470 ERROR c.e.B.T.TopicService [http-nio-8080-exec-1] getting all topics.
